<?xml version="1.0" encoding="UTF-8"?>
<!-- Generated by org.testng.reporters.JUnitXMLReporter -->
<testsuite hostname="tester-VirtualBox" name="Default test" tests="5" failures="0" timestamp="23 Feb 2020 17:40:47 GMT" time="24.933" errors="0">
  <testcase name="searchGoToDemoqaPage" time="9.862" classname="pac.test.TaskOneTest"/>
  <testcase name="droppableTest" time="3.34" classname="pac.test.TaskOneTest"/>
  <testcase name="dragAndDrop" time="1.219" classname="pac.test.TaskOneTest"/>
  <testcase name="goTooltipTest" time="2.126" classname="pac.test.TaskOneTest"/>
  <testcase name="popUpTest" time="0.56" classname="pac.test.TaskOneTest"/>
</testsuite> <!-- Default test -->
